TN:
SF:src/ReportNFT.sol
DA:31,0
FN:31,ReportNFT.constructor
FNDA:0,ReportNFT.constructor
DA:35,0
DA:36,0
DA:52,0
FN:52,ReportNFT.onlyReportManager
FNDA:0,ReportNFT.onlyReportManager
DA:53,0
BRDA:53,0,0,-
DA:54,0
DA:64,0
FN:64,ReportNFT.onlyTokenOwner
FNDA:0,ReportNFT.onlyTokenOwner
DA:65,0
BRDA:65,1,0,-
DA:66,0
DA:76,0
FN:76,ReportNFT.onlyExistsToken
FNDA:0,ReportNFT.onlyExistsToken
DA:77,0
BRDA:77,2,0,-
DA:78,0
DA:115,0
FN:115,ReportNFT.mint
FNDA:0,ReportNFT.mint
DA:120,0
DA:121,0
DA:123,0
DA:132,0
FN:132,ReportNFT.setBaseURI
FNDA:0,ReportNFT.setBaseURI
DA:135,0
DA:137,0
DA:145,0
FN:145,ReportNFT.setReportManager
FNDA:0,ReportNFT.setReportManager
DA:146,0
DA:155,0
FN:155,ReportNFT.tokenURI
FNDA:0,ReportNFT.tokenURI
DA:158,0
DA:159,0
DA:168,0
FN:168,ReportNFT.burnReport
FNDA:0,ReportNFT.burnReport
DA:169,0
DA:170,0
DA:172,0
DA:181,0
FN:181,ReportNFT.getCID
FNDA:0,ReportNFT.getCID
DA:182,0
FNF:10
FNH:0
LF:30
LH:0
BRF:3
BRH:0
end_of_record
TN:
SF:src/ReportsManager.sol
DA:81,0
FN:81,ReportsManager.onlyOwner
FNDA:0,ReportsManager.onlyOwner
DA:82,0
BRDA:82,0,0,-
DA:83,0
DA:92,0
FN:92,ReportsManager.onlyAuthorizedBackend
FNDA:0,ReportsManager.onlyAuthorizedBackend
DA:93,0
BRDA:93,1,0,-
DA:94,0
DA:104,0
FN:104,ReportsManager.onlyRegisteredUser
FNDA:0,ReportsManager.onlyRegisteredUser
DA:105,0
BRDA:105,2,0,-
DA:106,0
DA:118,0
FN:118,ReportsManager.constructor
FNDA:0,ReportsManager.constructor
DA:123,0
DA:124,0
DA:125,0
DA:126,0
DA:137,0
FN:137,ReportsManager.createReportWithSignature
FNDA:0,ReportsManager.createReportWithSignature
DA:141,0
BRDA:141,3,0,-
DA:142,0
DA:145,0
DA:162,0
FN:162,ReportsManager.createReport
FNDA:0,ReportsManager.createReport
DA:167,0
DA:168,0
DA:175,0
DA:177,0
BRDA:177,4,0,-
DA:178,0
DA:181,0
DA:183,0
DA:191,0
FN:191,ReportsManager.addAuthorizedBackend
FNDA:0,ReportsManager.addAuthorizedBackend
DA:192,0
DA:200,0
FN:200,ReportsManager.removeAuthorizedBackend
FNDA:0,ReportsManager.removeAuthorizedBackend
DA:201,0
FNF:8
FNH:0
LF:30
LH:0
BRF:5
BRH:0
end_of_record
TN:
SF:src/UserProfiles.sol
DA:141,14
FN:141,UserProfiles.onlySelfCaller
FNDA:14,UserProfiles.onlySelfCaller
DA:142,14
BRDA:142,0,0,1
DA:143,1
DA:152,6
FN:152,UserProfiles.onlyAuthorizedReportManager
FNDA:6,UserProfiles.onlyAuthorizedReportManager
DA:153,6
BRDA:153,1,0,1
DA:154,1
DA:163,2
FN:163,UserProfiles.onlyDeactivatedUser
FNDA:2,UserProfiles.onlyDeactivatedUser
DA:164,1
BRDA:164,2,0,1
DA:165,1
DA:174,62
FN:174,UserProfiles.onlyUnregisteredUser
FNDA:62,UserProfiles.onlyUnregisteredUser
DA:175,1
BRDA:175,3,0,1
DA:176,1
DA:185,13
FN:185,UserProfiles.onlyRegisteredAndActiveUser
FNDA:13,UserProfiles.onlyRegisteredAndActiveUser
DA:186,13
BRDA:186,4,0,2
DA:187,2
DA:196,61
FN:196,UserProfiles.onlyUniqueNickname
FNDA:61,UserProfiles.onlyUniqueNickname
DA:197,3
BRDA:197,5,0,3
DA:198,3
DA:207,58
FN:207,UserProfiles.onlyNonEmptyNickname
FNDA:58,UserProfiles.onlyNonEmptyNickname
DA:208,58
BRDA:208,6,0,1
DA:209,1
DA:218,57
FN:218,UserProfiles.onlyNicknameLengthLessThan32
FNDA:57,UserProfiles.onlyNicknameLengthLessThan32
DA:219,57
BRDA:219,7,0,1
DA:220,1
DA:229,56
FN:229,UserProfiles.onlyAlphaNumericNickname
FNDA:56,UserProfiles.onlyAlphaNumericNickname
DA:230,56
BRDA:230,8,0,2
DA:231,2
DA:236,59
FN:236,UserProfiles.isAlphaNumeric
FNDA:59,UserProfiles.isAlphaNumeric
DA:239,59
DA:240,491
BRDA:240,9,0,2
DA:241,2
DA:244,57
DA:247,491
FN:247,UserProfiles.isAlphaNumericChar
FNDA:491,UserProfiles.isAlphaNumericChar
DA:248,491
DA:249,491
DA:259,47
FN:259,UserProfiles.constructor
FNDA:47,UserProfiles.constructor
DA:260,47
DA:271,62
FN:271,UserProfiles.registerUser
FNDA:62,UserProfiles.registerUser
DA:283,54
DA:291,54
DA:293,54
DA:307,26
FN:307,UserProfiles.getUser
FNDA:26,UserProfiles.getUser
DA:308,26
DA:317,5
FN:317,UserProfiles.updatePreferredReportType
FNDA:5,UserProfiles.updatePreferredReportType
DA:320,2
DA:322,2
DA:331,5
FN:331,UserProfiles.updateNickname
FNDA:5,UserProfiles.updateNickname
DA:341,3
DA:343,3
DA:344,3
DA:346,3
DA:355,8
FN:355,UserProfiles.updateFocusArea
FNDA:8,UserProfiles.updateFocusArea
DA:358,6
DA:360,6
DA:371,6
FN:371,UserProfiles.updateLastReportId
FNDA:6,UserProfiles.updateLastReportId
DA:375,5
BRDA:375,10,0,2
DA:376,2
DA:378,3
DA:380,3
DA:389,13
FN:389,UserProfiles.checkUserRegisteredAndActive
FNDA:13,UserProfiles.checkUserRegisteredAndActive
DA:392,13
DA:401,14
FN:401,UserProfiles.deactivateUser
FNDA:14,UserProfiles.deactivateUser
DA:404,11
DA:413,3
FN:413,UserProfiles.activateUser
FNDA:3,UserProfiles.activateUser
DA:416,1
FNF:21
FNH:21
LF:65
LH:65
BRF:11
BRH:11
end_of_record
TN:
SF:src/VerifyEIP712.sol
DA:27,9
FN:27,VerifyEIP712.notEmptyCid
FNDA:9,VerifyEIP712.notEmptyCid
DA:28,9
BRDA:28,0,0,1
DA:29,1
DA:34,9
FN:34,VerifyEIP712._hashReport
FNDA:9,VerifyEIP712._hashReport
DA:37,8
DA:38,8
DA:49,5
FN:49,VerifyEIP712.getTypedDataHash
FNDA:5,VerifyEIP712.getTypedDataHash
DA:52,5
DA:55,4
FN:55,VerifyEIP712.verify
FNDA:4,VerifyEIP712.verify
DA:61,4
DA:63,4
DA:64,4
FNF:4
FNH:4
LF:12
LH:12
BRF:1
BRH:1
end_of_record
